<?xml version="1.0" encoding="UTF-8"?>
<testsuite xmlns:xsi="http://www.w3.org/2001/XMLSchema-instance" xsi:noNamespaceSchemaLocation="https://maven.apache.org/surefire/maven-surefire-plugin/xsd/surefire-test-report-3.0.xsd" version="3.0" name="com.example.mario.ennova_ToDo.TodoItemControllerTest" time="0.493" tests="5" errors="0" skipped="0" failures="0">
  <properties>
[...]
</properties>
  <testcase name="testIndex" classname="com.example.mario.ennova_ToDo.TodoItemControllerTest" time="0.453">
    <system-out><![CDATA[2024-03-01T13:57:59.707+01:00  INFO 19484 --- [           main] c.e.m.e.controller.TodoItemController    : request to GET index
]]></system-out>
  </testcase>
  <testcase name="testUpdateTodoItemWithValidationError" classname="com.example.mario.ennova_ToDo.TodoItemControllerTest" time="0.007"/>
  <testcase name="testCreateTodoItemWithValidationError" classname="com.example.mario.ennova_ToDo.TodoItemControllerTest" time="0.005"/>
  <testcase name="testCreateTodoItemWithoutValidationError" classname="com.example.mario.ennova_ToDo.TodoItemControllerTest" time="0.011"/>
  <testcase name="testUpdateTodoItemWithoutValidationError" classname="com.example.mario.ennova_ToDo.TodoItemControllerTest" time="0.007"/>
</testsuite>